2016-04-25 08:54:43 [127.0.0.1][-][-][error][yii\db\Exception] exception 'PDOException' with message 'SQLSTATE[HY000] [1045] Access denied for user 'root'@'localhost' (using password: NO)' in C:\wamp\www\Yii2App\vendor\yiisoft\yii2\db\Connection.php:579
Stack trace:
#0 C:\wamp\www\Yii2App\vendor\yiisoft\yii2\db\Connection.php(579): PDO->__construct('mysql:host=loca...', 'root', '', NULL)
#1 C:\wamp\www\Yii2App\vendor\yiisoft\yii2\db\Connection.php(529): yii\db\Connection->createPdoInstance()
#2 C:\wamp\www\Yii2App\vendor\yiisoft\yii2\db\Connection.php(836): yii\db\Connection->open()
#3 C:\wamp\www\Yii2App\vendor\yiisoft\yii2\db\Connection.php(823): yii\db\Connection->getMasterPdo()
#4 C:\wamp\www\Yii2App\vendor\yiisoft\yii2\db\Schema.php(444): yii\db\Connection->getSlavePdo()
#5 C:\wamp\www\Yii2App\vendor\yiisoft\yii2\db\Connection.php(732): yii\db\Schema->quoteValue('admin')
#6 C:\wamp\www\Yii2App\vendor\yiisoft\yii2\db\Command.php(164): yii\db\Connection->quoteValue('admin')
#7 C:\wamp\www\Yii2App\vendor\yiisoft\yii2\db\Command.php(794): yii\db\Command->getRawSql()
#8 C:\wamp\www\Yii2App\vendor\yiisoft\yii2\db\Command.php(363): yii\db\Command->queryInternal('fetch', NULL)
#9 C:\wamp\www\Yii2App\vendor\yiisoft\yii2\db\Query.php(243): yii\db\Command->queryOne()
#10 C:\wamp\www\Yii2App\vendor\yiisoft\yii2\db\ActiveQuery.php(285): yii\db\Query->one(NULL)
#11 C:\wamp\www\Yii2App\vendor\yiisoft\yii2\db\BaseActiveRecord.php(101): yii\db\ActiveQuery->one()
#12 C:\wamp\www\Yii2App\common\models\User.php(82): yii\db\BaseActiveRecord::findOne(Array)
#13 C:\wamp\www\Yii2App\common\models\LoginForm.php(73): common\models\User::findByUsername('admin')
#14 C:\wamp\www\Yii2App\common\models\LoginForm.php(44): common\models\LoginForm->getUser()
#15 [internal function]: common\models\LoginForm->validatePassword('password', NULL)
#16 C:\wamp\www\Yii2App\vendor\yiisoft\yii2\validators\InlineValidator.php(69): call_user_func(Array, 'password', NULL)
#17 C:\wamp\www\Yii2App\vendor\yiisoft\yii2\validators\Validator.php(240): yii\validators\InlineValidator->validateAttribute(Object(common\models\LoginForm), 'password')
#18 C:\wamp\www\Yii2App\vendor\yiisoft\yii2\base\Model.php(351): yii\validators\Validator->validateAttributes(Object(common\models\LoginForm), Array)
#19 C:\wamp\www\Yii2App\common\models\LoginForm.php(58): yii\base\Model->validate()
#20 C:\wamp\www\Yii2App\backend\controllers\SiteController.php(68): common\models\LoginForm->login()
#21 [internal function]: backend\controllers\SiteController->actionLogin()
#22 C:\wamp\www\Yii2App\vendor\yiisoft\yii2\base\InlineAction.php(55): call_user_func_array(Array, Array)
#23 C:\wamp\www\Yii2App\vendor\yiisoft\yii2\base\Controller.php(151): yii\base\InlineAction->runWithParams(Array)
#24 C:\wamp\www\Yii2App\vendor\yiisoft\yii2\base\Module.php(455): yii\base\Controller->runAction('login', Array)
#25 C:\wamp\www\Yii2App\vendor\yiisoft\yii2\web\Application.php(84): yii\base\Module->runAction('site/login', Array)
#26 C:\wamp\www\Yii2App\vendor\yiisoft\yii2\base\Application.php(375): yii\web\Application->handleRequest(Object(yii\web\Request))
#27 C:\wamp\www\Yii2App\backend\web\index.php(18): yii\base\Application->run()
#28 {main}

Next exception 'yii\db\Exception' with message 'SQLSTATE[HY000] [1045] Access denied for user 'root'@'localhost' (using password: NO)' in C:\wamp\www\Yii2App\vendor\yiisoft\yii2\db\Connection.php:534
Stack trace:
#0 C:\wamp\www\Yii2App\vendor\yiisoft\yii2\db\Connection.php(836): yii\db\Connection->open()
#1 C:\wamp\www\Yii2App\vendor\yiisoft\yii2\db\Connection.php(823): yii\db\Connection->getMasterPdo()
#2 C:\wamp\www\Yii2App\vendor\yiisoft\yii2\db\Schema.php(444): yii\db\Connection->getSlavePdo()
#3 C:\wamp\www\Yii2App\vendor\yiisoft\yii2\db\Connection.php(732): yii\db\Schema->quoteValue('admin')
#4 C:\wamp\www\Yii2App\vendor\yiisoft\yii2\db\Command.php(164): yii\db\Connection->quoteValue('admin')
#5 C:\wamp\www\Yii2App\vendor\yiisoft\yii2\db\Command.php(794): yii\db\Command->getRawSql()
#6 C:\wamp\www\Yii2App\vendor\yiisoft\yii2\db\Command.php(363): yii\db\Command->queryInternal('fetch', NULL)
#7 C:\wamp\www\Yii2App\vendor\yiisoft\yii2\db\Query.php(243): yii\db\Command->queryOne()
#8 C:\wamp\www\Yii2App\vendor\yiisoft\yii2\db\ActiveQuery.php(285): yii\db\Query->one(NULL)
#9 C:\wamp\www\Yii2App\vendor\yiisoft\yii2\db\BaseActiveRecord.php(101): yii\db\ActiveQuery->one()
#10 C:\wamp\www\Yii2App\common\models\User.php(82): yii\db\BaseActiveRecord::findOne(Array)
#11 C:\wamp\www\Yii2App\common\models\LoginForm.php(73): common\models\User::findByUsername('admin')
#12 C:\wamp\www\Yii2App\common\models\LoginForm.php(44): common\models\LoginForm->getUser()
#13 [internal function]: common\models\LoginForm->validatePassword('password', NULL)
#14 C:\wamp\www\Yii2App\vendor\yiisoft\yii2\validators\InlineValidator.php(69): call_user_func(Array, 'password', NULL)
#15 C:\wamp\www\Yii2App\vendor\yiisoft\yii2\validators\Validator.php(240): yii\validators\InlineValidator->validateAttribute(Object(common\models\LoginForm), 'password')
#16 C:\wamp\www\Yii2App\vendor\yiisoft\yii2\base\Model.php(351): yii\validators\Validator->validateAttributes(Object(common\models\LoginForm), Array)
#17 C:\wamp\www\Yii2App\common\models\LoginForm.php(58): yii\base\Model->validate()
#18 C:\wamp\www\Yii2App\backend\controllers\SiteController.php(68): common\models\LoginForm->login()
#19 [internal function]: backend\controllers\SiteController->actionLogin()
#20 C:\wamp\www\Yii2App\vendor\yiisoft\yii2\base\InlineAction.php(55): call_user_func_array(Array, Array)
#21 C:\wamp\www\Yii2App\vendor\yiisoft\yii2\base\Controller.php(151): yii\base\InlineAction->runWithParams(Array)
#22 C:\wamp\www\Yii2App\vendor\yiisoft\yii2\base\Module.php(455): yii\base\Controller->runAction('login', Array)
#23 C:\wamp\www\Yii2App\vendor\yiisoft\yii2\web\Application.php(84): yii\base\Module->runAction('site/login', Array)
#24 C:\wamp\www\Yii2App\vendor\yiisoft\yii2\base\Application.php(375): yii\web\Application->handleRequest(Object(yii\web\Request))
#25 C:\wamp\www\Yii2App\backend\web\index.php(18): yii\base\Application->run()
#26 {main}
Additional Information:

2016-04-25 08:54:43 [127.0.0.1][-][-][info][application] $_GET = [
    'r' => 'site/login'
]

$_POST = [
    '_csrf' => 'ZnpqNXkudkIyTDV6D3opeycjH0QzGSUJLB5ZWw1aJTEjEQV.O15Pcw=='
    'LoginForm' => [
        'username' => 'admin'
        'password' => 'admin'
        'rememberMe' => '1'
    ]
    'login-button' => ''
]

$_COOKIE = [
    '_csrf' => '58823e4e5a7724ac50fbdfc9becdff6339cc0f6d8c8fbe918a5c01f4dfe57751a:2:{i:0;s:5:\"_csrf\";i:1;s:32:\"T6_OvT_9AYuqJ7SKJd3nttSsEkoKBp91\";}'
    'PHPSESSID' => '47oeeecb2ol0mpeouftollifn7'
]

$_SESSION = [
    '__flash' => []
    '__returnUrl' => '/Yii2App/backend/web/'
]

$_SERVER = [
    'HTTP_HOST' => 'dan'
    'HTTP_USER_AGENT' => 'Mozilla/5.0 (Windows NT 6.1; WOW64; rv:45.0) Gecko/20100101 Firefox/45.0'
    'HTTP_ACCEPT' => 'text/html,application/xhtml+xml,application/xml;q=0.9,*/*;q=0.8'
    'HTTP_ACCEPT_LANGUAGE' => 'en-US,en;q=0.5'
    'HTTP_ACCEPT_ENCODING' => 'gzip, deflate'
    'HTTP_REFERER' => 'http://dan/Yii2App/backend/web/index.php?r=site%2Flogin'
    'HTTP_COOKIE' => '_csrf=58823e4e5a7724ac50fbdfc9becdff6339cc0f6d8c8fbe918a5c01f4dfe57751a%3A2%3A%7Bi%3A0%3Bs%3A5%3A%22_csrf%22%3Bi%3A1%3Bs%3A32%3A%22T6_OvT_9AYuqJ7SKJd3nttSsEkoKBp91%22%3B%7D; PHPSESSID=47oeeecb2ol0mpeouftollifn7'
    'HTTP_CONNECTION' => 'keep-alive'
    'CONTENT_TYPE' => 'application/x-www-form-urlencoded'
    'CONTENT_LENGTH' => '196'
    'PATH' => 'C:\\Program Files\\Java\\jdk1.7.0_25\\bin;C:\\ProgramData\\Oracle\\Java\\javapath;C:\\Program Files (x86)\\Common Files\\NetSarang;C:\\Windows\\system32;C:\\Windows;C:\\Windows\\System32\\Wbem;C:\\Windows\\System32\\WindowsPowerShell\\v1.0\\;C:\\wamp\\bin\\php\\php5.5.12;C:\\ProgramData\\ComposerSetup\\bin;c:\\Program Files (x86)\\Microsoft SQL Server\\100\\Tools\\Binn\\;c:\\Program Files (x86)\\Microsoft SQL Server\\100\\DTS\\Binn\\;c:\\Program Files (x86)\\Microsoft SQL Server\\100\\Tools\\Binn\\VSShell\\Common7\\IDE\\;c:\\Program Files\\Microsoft SQL Server\\100\\Tools\\Binn\\;C:\\Program Files (x86)\\Skype\\Phone\\;C:\\Program Files (x86)\\QuickTime\\QTSystem\\;C:\\Program Files (x86)\\Subversion\\bin;C:\\Program Files\\MySQL\\MySQL Server 5.5\\bin;'
    'SystemRoot' => 'C:\\Windows'
    'COMSPEC' => 'C:\\Windows\\system32\\cmd.exe'
    'PATHEXT' => '.COM;.EXE;.BAT;.CMD;.VBS;.VBE;.JS;.JSE;.WSF;.WSH;.MSC'
    'WINDIR' => 'C:\\Windows'
    'SERVER_SIGNATURE' => '<address>Apache/2.4.9 (Win64) OpenSSL/1.0.1g PHP/5.5.12 Server at dan Port 80</address>
'
    'SERVER_SOFTWARE' => 'Apache/2.4.9 (Win64) OpenSSL/1.0.1g PHP/5.5.12'
    'SERVER_NAME' => 'dan'
    'SERVER_ADDR' => '127.0.0.1'
    'SERVER_PORT' => '80'
    'REMOTE_ADDR' => '127.0.0.1'
    'DOCUMENT_ROOT' => 'C:/wamp/www/'
    'REQUEST_SCHEME' => 'http'
    'CONTEXT_PREFIX' => ''
    'CONTEXT_DOCUMENT_ROOT' => 'C:/wamp/www/'
    'SERVER_ADMIN' => 'admin@example.com'
    'SCRIPT_FILENAME' => 'C:/wamp/www/Yii2App/backend/web/index.php'
    'REMOTE_PORT' => '52374'
    'GATEWAY_INTERFACE' => 'CGI/1.1'
    'SERVER_PROTOCOL' => 'HTTP/1.1'
    'REQUEST_METHOD' => 'POST'
    'QUERY_STRING' => 'r=site%2Flogin'
    'REQUEST_URI' => '/Yii2App/backend/web/index.php?r=site%2Flogin'
    'SCRIPT_NAME' => '/Yii2App/backend/web/index.php'
    'PHP_SELF' => '/Yii2App/backend/web/index.php'
    'REQUEST_TIME_FLOAT' => 1461567283.415
    'REQUEST_TIME' => 1461567283
]
